This is pdfTeX, Version 3.141592653-2.6-1.40.26 (MiKTeX 24.4) (preloaded format=pdflatex 2024.10.15)  28 NOV 2024 15:19
entering extended mode
 restricted \write18 enabled.
 file:line:error style messages enabled.
 %&-line parsing enabled.
**/home/alexandre/Documents/Stage-3A/docs/LaTeX/soutenance/soutenance.tex
(/home/alexandre/Documents/Stage-3A/docs/LaTeX/soutenance/soutenance.tex
LaTeX2e <2024-06-01> patch level 2
L3 programming layer <2024-08-30>
(/home/alexandre/.miktex/texmfs/install/tex/latex/beamer/beamer.cls
Document Class: beamer 2024/01/06 v3.71 A class for typesetting presentations
(/home/alexandre/.miktex/texmfs/install/tex/latex/beamer/beamerbasemodes.sty (/usr/local/share/miktex-texmf/tex/latex/etoolbox/etoolbox.sty
Package: etoolbox 2020/10/05 v2.5k e-TeX tools for LaTeX (JAW)
\etb@tempcnta=\count194
)
\beamer@tempbox=\box52
\beamer@tempcount=\count195
\c@beamerpauses=\count196
 (/home/alexandre/.miktex/texmfs/install/tex/latex/beamer/beamerbasedecode.sty
\beamer@slideinframe=\count197
\beamer@minimum=\count198
\beamer@decode@box=\box53
)
\beamer@commentbox=\box54
\beamer@modecount=\count199
) (/usr/local/share/miktex-texmf/tex/generic/iftex/iftex.sty
Package: iftex 2022/02/03 v1.0f TeX engine tests
)
\headdp=\dimen141
\footheight=\dimen142
\sidebarheight=\dimen143
\beamer@tempdim=\dimen144
\beamer@finalheight=\dimen145
\beamer@animht=\dimen146
\beamer@animdp=\dimen147
\beamer@animwd=\dimen148
\beamer@leftmargin=\dimen149
\beamer@rightmargin=\dimen150
\beamer@leftsidebar=\dimen151
\beamer@rightsidebar=\dimen152
\beamer@boxsize=\dimen153
\beamer@vboxoffset=\dimen154
\beamer@descdefault=\dimen155
\beamer@descriptionwidth=\dimen156
\beamer@lastskip=\skip49
\beamer@areabox=\box55
\beamer@animcurrent=\box56
\beamer@animshowbox=\box57
\beamer@sectionbox=\box58
\beamer@logobox=\box59
\beamer@linebox=\box60
\beamer@sectioncount=\count266
\beamer@subsubsectionmax=\count267
\beamer@subsectionmax=\count268
\beamer@sectionmax=\count269
\beamer@totalheads=\count270
\beamer@headcounter=\count271
\beamer@partstartpage=\count272
\beamer@sectionstartpage=\count273
\beamer@subsectionstartpage=\count274
\beamer@animationtempa=\count275
\beamer@animationtempb=\count276
\beamer@xpos=\count277
\beamer@ypos=\count278
\beamer@ypos@offset=\count279
\beamer@showpartnumber=\count280
\beamer@currentsubsection=\count281
\beamer@coveringdepth=\count282
\beamer@sectionadjust=\count283
\beamer@toclastsection=\count284
\beamer@tocsectionnumber=\count285
 (/home/alexandre/.miktex/texmfs/install/tex/latex/beamer/beamerbaseoptions.sty (/usr/local/share/miktex-texmf/tex/latex/graphics/keyval.sty
Package: keyval 2022/05/29 v1.15 key=value parser (DPC)
\KV@toks@=\toks17
))
\beamer@paperwidth=\skip50
\beamer@paperheight=\skip51
 (/home/alexandre/.miktex/texmfs/install/tex/latex/geometry/geometry.sty
Package: geometry 2020/01/02 v5.9 Page Geometry
 (/usr/local/share/miktex-texmf/tex/generic/iftex/ifvtex.sty
Package: ifvtex 2019/10/25 v1.7 ifvtex legacy package. Use iftex instead.
)
\Gm@cnth=\count286
\Gm@cntv=\count287
\c@Gm@tempcnt=\count288
\Gm@bindingoffset=\dimen157
\Gm@wd@mp=\dimen158
\Gm@odd@mp=\dimen159
\Gm@even@mp=\dimen160
\Gm@layoutwidth=\dimen161
\Gm@layoutheight=\dimen162
\Gm@layouthoffset=\dimen163
\Gm@layoutvoffset=\dimen164
\Gm@dimlist=\toks18
 (/home/alexandre/.miktex/texmfs/install/tex/latex/geometry/geometry.cfg)) (/usr/local/share/miktex-texmf/tex/latex/pgf/math/pgfmath.sty (/usr/local/share/miktex-texmf/tex/latex/pgf/utilities/pgfrcs.sty (/usr/local/share/miktex-texmf/tex/generic/pgf/utilities/pgfutil-common.tex
\pgfutil@everybye=\toks19
\pgfutil@tempdima=\dimen165
\pgfutil@tempdimb=\dimen166
) (/usr/local/share/miktex-texmf/tex/generic/pgf/utilities/pgfutil-latex.def
\pgfutil@abb=\box61
) (/usr/local/share/miktex-texmf/tex/generic/pgf/utilities/pgfrcs.code.tex (/usr/local/share/miktex-texmf/tex/generic/pgf/pgf.revision.tex)
Package: pgfrcs 2023-01-15 v3.1.10 (3.1.10)
)) (/usr/local/share/miktex-texmf/tex/latex/pgf/utilities/pgfkeys.sty (/usr/local/share/miktex-texmf/tex/generic/pgf/utilities/pgfkeys.code.tex
\pgfkeys@pathtoks=\toks20
\pgfkeys@temptoks=\toks21
 (/usr/local/share/miktex-texmf/tex/generic/pgf/utilities/pgfkeyslibraryfiltered.code.tex
\pgfkeys@tmptoks=\toks22
))) (/usr/local/share/miktex-texmf/tex/generic/pgf/math/pgfmath.code.tex (/usr/local/share/miktex-texmf/tex/generic/pgf/math/pgfmathutil.code.tex
\pgf@x=\dimen167
\pgf@xa=\dimen168
\pgf@xb=\dimen169
\pgf@xc=\dimen170
\pgf@y=\dimen171
\pgf@ya=\dimen172
\pgf@yb=\dimen173
\pgf@yc=\dimen174
\c@pgf@counta=\count289
\c@pgf@countb=\count290
\c@pgf@countc=\count291
\c@pgf@countd=\count292
) (/usr/local/share/miktex-texmf/tex/generic/pgf/math/pgfmathparser.code.tex
\pgfmath@dimen=\dimen175
\pgfmath@count=\count293
\pgfmath@box=\box62
\pgfmath@toks=\toks23
\pgfmath@stack@operand=\toks24
\pgfmath@stack@operation=\toks25
) (/usr/local/share/miktex-texmf/tex/generic/pgf/math/pgfmathfunctions.code.tex) (/usr/local/share/miktex-texmf/tex/generic/pgf/math/pgfmathfunctions.basic.code.tex) (/usr/local/share/miktex-texmf/tex/generic/pgf/math/pgfmathfunctions.trigonometric.code.tex) (/usr/local/share/miktex-texmf/tex/generic/pgf/math/pgfmathfunctions.random.code.tex) (/usr/local/share/miktex-texmf/tex/generic/pgf/math/pgfmathfunctions.comparison.code.tex) (/usr/local/share/miktex-texmf/tex/generic/pgf/math/pgfmathfunctions.base.code.tex) (/usr/local/share/miktex-texmf/tex/generic/pgf/math/pgfmathfunctions.round.code.tex) (/usr/local/share/miktex-texmf/tex/generic/pgf/math/pgfmathfunctions.misc.code.tex) (/usr/local/share/miktex-texmf/tex/generic/pgf/math/pgfmathfunctions.integerarithmetics.code.tex) (/usr/local/share/miktex-texmf/tex/generic/pgf/math/pgfmathcalc.code.tex) (/usr/local/share/miktex-texmf/tex/generic/pgf/math/pgfmathfloat.code.tex
\c@pgfmathroundto@lastzeros=\count294
))) (/usr/local/share/miktex-texmf/tex/latex/base/size11.clo
File: size11.clo 2024/02/08 v1.4n Standard LaTeX file (size option)
) (/usr/local/share/miktex-texmf/tex/latex/pgf/basiclayer/pgfcore.sty (/usr/local/share/miktex-texmf/tex/latex/graphics/graphicx.sty
Package: graphicx 2021/09/16 v1.2d Enhanced LaTeX Graphics (DPC,SPQR)
 (/usr/local/share/miktex-texmf/tex/latex/graphics/graphics.sty
Package: graphics 2024/05/23 v1.4g Standard LaTeX Graphics (DPC,SPQR)
 (/usr/local/share/miktex-texmf/tex/latex/graphics/trig.sty
Package: trig 2023/12/02 v1.11 sin cos tan (DPC)
) (/usr/local/share/miktex-texmf/tex/latex/graphics-cfg/graphics.cfg
File: graphics.cfg 2016/06/04 v1.11 sample graphics configuration
)
Package graphics Info: Driver file: pdftex.def on input line 106.
 (/usr/local/share/miktex-texmf/tex/latex/graphics-def/pdftex.def
File: pdftex.def 2024/04/13 v1.2c Graphics/color driver for pdftex
))
\Gin@req@height=\dimen176
\Gin@req@width=\dimen177
) (/usr/local/share/miktex-texmf/tex/latex/pgf/systemlayer/pgfsys.sty (/usr/local/share/miktex-texmf/tex/generic/pgf/systemlayer/pgfsys.code.tex
Package: pgfsys 2023-01-15 v3.1.10 (3.1.10)
\pgf@x=\dimen178
\pgf@y=\dimen179
\pgf@xa=\dimen180
\pgf@ya=\dimen181
\pgf@xb=\dimen182
\pgf@yb=\dimen183
\pgf@xc=\dimen184
\pgf@yc=\dimen185
\pgf@xd=\dimen186
\pgf@yd=\dimen187
\w@pgf@writea=\write3
\r@pgf@reada=\read2
\c@pgf@counta=\count295
\c@pgf@countb=\count296
\c@pgf@countc=\count297
\c@pgf@countd=\count298
\t@pgf@toka=\toks26
\t@pgf@tokb=\toks27
\t@pgf@tokc=\toks28
\pgf@sys@id@count=\count299
 (/usr/local/share/miktex-texmf/tex/generic/pgf/systemlayer/pgf.cfg
File: pgf.cfg 2023-01-15 v3.1.10 (3.1.10)
)
Driver file for pgf: pgfsys-pdftex.def
 (/usr/local/share/miktex-texmf/tex/generic/pgf/systemlayer/pgfsys-pdftex.def
File: pgfsys-pdftex.def 2023-01-15 v3.1.10 (3.1.10)
 (/usr/local/share/miktex-texmf/tex/generic/pgf/systemlayer/pgfsys-common-pdf.def
File: pgfsys-common-pdf.def 2023-01-15 v3.1.10 (3.1.10)
))) (/usr/local/share/miktex-texmf/tex/generic/pgf/systemlayer/pgfsyssoftpath.code.tex
File: pgfsyssoftpath.code.tex 2023-01-15 v3.1.10 (3.1.10)
\pgfsyssoftpath@smallbuffer@items=\count300
\pgfsyssoftpath@bigbuffer@items=\count301
) (/usr/local/share/miktex-texmf/tex/generic/pgf/systemlayer/pgfsysprotocol.code.tex
File: pgfsysprotocol.code.tex 2023-01-15 v3.1.10 (3.1.10)
)) (/usr/local/share/miktex-texmf/tex/latex/xcolor/xcolor.sty
Package: xcolor 2023/11/15 v3.01 LaTeX color extensions (UK)
 (/usr/local/share/miktex-texmf/tex/latex/graphics-cfg/color.cfg
File: color.cfg 2016/01/02 v1.6 sample color configuration
)
Package xcolor Info: Driver file: pdftex.def on input line 274.
 (/usr/local/share/miktex-texmf/tex/latex/graphics/mathcolor.ltx)
Package xcolor Info: Model `cmy' substituted by `cmy0' on input line 1350.
Package xcolor Info: Model `hsb' substituted by `rgb' on input line 1354.
Package xcolor Info: Model `RGB' extended on input line 1366.
Package xcolor Info: Model `HTML' substituted by `rgb' on input line 1368.
Package xcolor Info: Model `Hsb' substituted by `hsb' on input line 1369.
Package xcolor Info: Model `tHsb' substituted by `hsb' on input line 1370.
Package xcolor Info: Model `HSB' substituted by `hsb' on input line 1371.
Package xcolor Info: Model `Gray' substituted by `gray' on input line 1372.
Package xcolor Info: Model `wave' substituted by `hsb' on input line 1373.
) (/usr/local/share/miktex-texmf/tex/generic/pgf/basiclayer/pgfcore.code.tex
Package: pgfcore 2023-01-15 v3.1.10 (3.1.10)
 (/usr/local/share/miktex-texmf/tex/generic/pgf/math/pgfint.code.tex) (/usr/local/share/miktex-texmf/tex/generic/pgf/basiclayer/pgfcorepoints.code.tex
File: pgfcorepoints.code.tex 2023-01-15 v3.1.10 (3.1.10)
\pgf@picminx=\dimen188
\pgf@picmaxx=\dimen189
\pgf@picminy=\dimen190
\pgf@picmaxy=\dimen191
\pgf@pathminx=\dimen192
\pgf@pathmaxx=\dimen193
\pgf@pathminy=\dimen194
\pgf@pathmaxy=\dimen195
\pgf@xx=\dimen196
\pgf@xy=\dimen197
\pgf@yx=\dimen198
\pgf@yy=\dimen199
\pgf@zx=\dimen256
\pgf@zy=\dimen257
) (/usr/local/share/miktex-texmf/tex/generic/pgf/basiclayer/pgfcorepathconstruct.code.tex
File: pgfcorepathconstruct.code.tex 2023-01-15 v3.1.10 (3.1.10)
\pgf@path@lastx=\dimen258
\pgf@path@lasty=\dimen259
) (/usr/local/share/miktex-texmf/tex/generic/pgf/basiclayer/pgfcorepathusage.code.tex
File: pgfcorepathusage.code.tex 2023-01-15 v3.1.10 (3.1.10)
\pgf@shorten@end@additional=\dimen260
\pgf@shorten@start@additional=\dimen261
) (/usr/local/share/miktex-texmf/tex/generic/pgf/basiclayer/pgfcorescopes.code.tex
File: pgfcorescopes.code.tex 2023-01-15 v3.1.10 (3.1.10)
\pgfpic=\box63
\pgf@hbox=\box64
\pgf@layerbox@main=\box65
\pgf@picture@serial@count=\count302
) (/usr/local/share/miktex-texmf/tex/generic/pgf/basiclayer/pgfcoregraphicstate.code.tex
File: pgfcoregraphicstate.code.tex 2023-01-15 v3.1.10 (3.1.10)
\pgflinewidth=\dimen262
) (/usr/local/share/miktex-texmf/tex/generic/pgf/basiclayer/pgfcoretransformations.code.tex
File: pgfcoretransformations.code.tex 2023-01-15 v3.1.10 (3.1.10)
\pgf@pt@x=\dimen263
\pgf@pt@y=\dimen264
\pgf@pt@temp=\dimen265
) (/usr/local/share/miktex-texmf/tex/generic/pgf/basiclayer/pgfcorequick.code.tex
File: pgfcorequick.code.tex 2023-01-15 v3.1.10 (3.1.10)
) (/usr/local/share/miktex-texmf/tex/generic/pgf/basiclayer/pgfcoreobjects.code.tex
File: pgfcoreobjects.code.tex 2023-01-15 v3.1.10 (3.1.10)
) (/usr/local/share/miktex-texmf/tex/generic/pgf/basiclayer/pgfcorepathprocessing.code.tex
File: pgfcorepathprocessing.code.tex 2023-01-15 v3.1.10 (3.1.10)
) (/usr/local/share/miktex-texmf/tex/generic/pgf/basiclayer/pgfcorearrows.code.tex
File: pgfcorearrows.code.tex 2023-01-15 v3.1.10 (3.1.10)
\pgfarrowsep=\dimen266
) (/usr/local/share/miktex-texmf/tex/generic/pgf/basiclayer/pgfcoreshade.code.tex
File: pgfcoreshade.code.tex 2023-01-15 v3.1.10 (3.1.10)
\pgf@max=\dimen267
\pgf@sys@shading@range@num=\count303
\pgf@shadingcount=\count304
) (/usr/local/share/miktex-texmf/tex/generic/pgf/basiclayer/pgfcoreimage.code.tex
File: pgfcoreimage.code.tex 2023-01-15 v3.1.10 (3.1.10)
) (/usr/local/share/miktex-texmf/tex/generic/pgf/basiclayer/pgfcoreexternal.code.tex
File: pgfcoreexternal.code.tex 2023-01-15 v3.1.10 (3.1.10)
\pgfexternal@startupbox=\box66
) (/usr/local/share/miktex-texmf/tex/generic/pgf/basiclayer/pgfcorelayers.code.tex
File: pgfcorelayers.code.tex 2023-01-15 v3.1.10 (3.1.10)
) (/usr/local/share/miktex-texmf/tex/generic/pgf/basiclayer/pgfcoretransparency.code.tex
File: pgfcoretransparency.code.tex 2023-01-15 v3.1.10 (3.1.10)
) (/usr/local/share/miktex-texmf/tex/generic/pgf/basiclayer/pgfcorepatterns.code.tex
File: pgfcorepatterns.code.tex 2023-01-15 v3.1.10 (3.1.10)
) (/usr/local/share/miktex-texmf/tex/generic/pgf/basiclayer/pgfcorerdf.code.tex
File: pgfcorerdf.code.tex 2023-01-15 v3.1.10 (3.1.10)
))) (/usr/local/share/miktex-texmf/tex/latex/pgf/utilities/xxcolor.sty
Package: xxcolor 2003/10/24 ver 0.1
\XC@nummixins=\count305
\XC@countmixins=\count306
) (/usr/local/share/miktex-texmf/tex/latex/base/atbegshi-ltx.sty
Package: atbegshi-ltx 2021/01/10 v1.0c Emulation of the original atbegshi
package with kernel methods
) (/usr/local/share/miktex-texmf/tex/latex/hyperref/hyperref.sty
Package: hyperref 2024-07-10 v7.01j Hypertext links for LaTeX
 (/home/alexandre/.miktex/texmfs/install/tex/latex/kvsetkeys/kvsetkeys.sty
Package: kvsetkeys 2022-10-05 v1.19 Key value parser (HO)
) (/home/alexandre/.miktex/texmfs/install/tex/generic/kvdefinekeys/kvdefinekeys.sty
Package: kvdefinekeys 2019-12-19 v1.6 Define keys (HO)
) (/home/alexandre/.miktex/texmfs/install/tex/generic/pdfescape/pdfescape.sty
Package: pdfescape 2019/12/09 v1.15 Implements pdfTeX's escape features (HO)
 (/home/alexandre/.miktex/texmfs/install/tex/generic/ltxcmds/ltxcmds.sty
Package: ltxcmds 2023-12-04 v1.26 LaTeX kernel commands for general use (HO)
) (/usr/local/share/miktex-texmf/tex/generic/pdftexcmds/pdftexcmds.sty
Package: pdftexcmds 2020-06-27 v0.33 Utility functions of pdfTeX for LuaTeX (HO)
 (/home/alexandre/.miktex/texmfs/install/tex/generic/infwarerr/infwarerr.sty
Package: infwarerr 2019/12/03 v1.5 Providing info/warning/error messages (HO)
)
Package pdftexcmds Info: \pdf@primitive is available.
Package pdftexcmds Info: \pdf@ifprimitive is available.
Package pdftexcmds Info: \pdfdraftmode found.
)) (/home/alexandre/.miktex/texmfs/install/tex/latex/hycolor/hycolor.sty
Package: hycolor 2020-01-27 v1.10 Color options for hyperref/bookmark (HO)
) (/usr/local/share/miktex-texmf/tex/latex/hyperref/nameref.sty
Package: nameref 2023-11-26 v2.56 Cross-referencing by name of section
 (/home/alexandre/.miktex/texmfs/install/tex/latex/refcount/refcount.sty
Package: refcount 2019/12/15 v3.6 Data extraction from label references (HO)
) (/home/alexandre/.miktex/texmfs/install/tex/generic/gettitlestring/gettitlestring.sty
Package: gettitlestring 2019/12/15 v1.6 Cleanup title references (HO)
 (/home/alexandre/.miktex/texmfs/install/tex/latex/kvoptions/kvoptions.sty
Package: kvoptions 2022-06-15 v3.15 Key value format for package options (HO)
))
\c@section@level=\count307
) (/home/alexandre/.miktex/texmfs/install/tex/generic/stringenc/stringenc.sty
Package: stringenc 2019/11/29 v1.12 Convert strings between diff. encodings (HO)
)
\@linkdim=\dimen268
\Hy@linkcounter=\count308
\Hy@pagecounter=\count309
 (/usr/local/share/miktex-texmf/tex/latex/hyperref/pd1enc.def
File: pd1enc.def 2024-07-10 v7.01j Hyperref: PDFDocEncoding definition (HO)
Now handling font encoding PD1 ...
... no UTF-8 mapping file for font encoding PD1
) (/home/alexandre/.miktex/texmfs/install/tex/generic/intcalc/intcalc.sty
Package: intcalc 2019/12/15 v1.3 Expandable calculations with integers (HO)
)
\Hy@SavedSpaceFactor=\count310
 (/usr/local/share/miktex-texmf/tex/latex/hyperref/puenc.def
File: puenc.def 2024-07-10 v7.01j Hyperref: PDF Unicode definition (HO)
Now handling font encoding PU ...
... no UTF-8 mapping file for font encoding PU
)
Package hyperref Info: Option `bookmarks' set `true' on input line 4040.
Package hyperref Info: Option `bookmarksopen' set `true' on input line 4040.
Package hyperref Info: Option `implicit' set `false' on input line 4040.
Package hyperref Info: Hyper figures OFF on input line 4157.
Package hyperref Info: Link nesting OFF on input line 4162.
Package hyperref Info: Hyper index ON on input line 4165.
Package hyperref Info: Plain pages OFF on input line 4172.
Package hyperref Info: Backreferencing OFF on input line 4177.
Package hyperref Info: Implicit mode OFF; no redefinition of LaTeX internals.
Package hyperref Info: Bookmarks ON on input line 4424.
\c@Hy@tempcnt=\count311
 (/usr/local/share/miktex-texmf/tex/latex/url/url.sty
\Urlmuskip=\muskip17
Package: url 2013/09/16  ver 3.4  Verb mode for urls, etc.
)
LaTeX Info: Redefining \url on input line 4763.
\XeTeXLinkMargin=\dimen269
 (/home/alexandre/.miktex/texmfs/install/tex/generic/bitset/bitset.sty
Package: bitset 2019/12/09 v1.3 Handle bit-vector datatype (HO)
 (/home/alexandre/.miktex/texmfs/install/tex/generic/bigintcalc/bigintcalc.sty
Package: bigintcalc 2019/12/15 v1.5 Expandable calculations on big integers (HO)
))
\Fld@menulength=\count312
\Field@Width=\dimen270
\Fld@charsize=\dimen271
Package hyperref Info: Hyper figures OFF on input line 6042.
Package hyperref Info: Link nesting OFF on input line 6047.
Package hyperref Info: Hyper index ON on input line 6050.
Package hyperref Info: backreferencing OFF on input line 6057.
Package hyperref Info: Link coloring OFF on input line 6062.
Package hyperref Info: Link coloring with OCG OFF on input line 6067.
Package hyperref Info: PDF/A mode OFF on input line 6072.
\Hy@abspage=\count313


Package hyperref Message: Stopped early.

)
Package hyperref Info: Driver (autodetected): hpdftex.
 (/usr/local/share/miktex-texmf/tex/latex/hyperref/hpdftex.def
File: hpdftex.def 2024-07-10 v7.01j Hyperref driver for pdfTeX
 (/usr/local/share/miktex-texmf/tex/latex/base/atveryend-ltx.sty
Package: atveryend-ltx 2020/08/19 v1.0a Emulation of the original atveryend package
with kernel methods
)
\Fld@listcount=\count314
\c@bookmark@seq@number=\count315
 (/home/alexandre/.miktex/texmfs/install/tex/latex/rerunfilecheck/rerunfilecheck.sty
Package: rerunfilecheck 2022-07-10 v1.10 Rerun checks for auxiliary files (HO)
 (/home/alexandre/.miktex/texmfs/install/tex/generic/uniquecounter/uniquecounter.sty
Package: uniquecounter 2019/12/15 v1.4 Provide unlimited unique counter (HO)
)
Package uniquecounter Info: New unique counter `rerunfilecheck' on input line 285.
)) (/home/alexandre/.miktex/texmfs/install/tex/latex/beamer/beamerbaserequires.sty (/home/alexandre/.miktex/texmfs/install/tex/latex/beamer/beamerbasecompatibility.sty) (/home/alexandre/.miktex/texmfs/install/tex/latex/beamer/beamerbasefont.sty (/usr/local/share/miktex-texmf/tex/latex/amsfonts/amssymb.sty
Package: amssymb 2013/01/14 v3.01 AMS font symbols
 (/usr/local/share/miktex-texmf/tex/latex/amsfonts/amsfonts.sty
Package: amsfonts 2013/01/14 v3.01 Basic AMSFonts support
\@emptytoks=\toks29
\symAMSa=\mathgroup4
\symAMSb=\mathgroup5
LaTeX Font Info:    Redeclaring math symbol \hbar on input line 98.
LaTeX Font Info:    Overwriting math alphabet `\mathfrak' in version `bold'
(Font)                  U/euf/m/n --> U/euf/b/n on input line 106.
)) (/home/alexandre/.miktex/texmfs/install/tex/latex/sansmathaccent/sansmathaccent.sty
Package: sansmathaccent 2020/01/31
 (/home/alexandre/.miktex/texmfs/install/tex/latex/koma-script/scrlfile.sty
Package: scrlfile 2024/10/24 v3.43 KOMA-Script package (file load hooks)
 (/home/alexandre/.miktex/texmfs/install/tex/latex/koma-script/scrlfile-hook.sty
Package: scrlfile-hook 2024/10/24 v3.43 KOMA-Script package (using LaTeX hooks)
 (/home/alexandre/.miktex/texmfs/install/tex/latex/koma-script/scrlogo.sty
Package: scrlogo 2024/10/24 v3.43 KOMA-Script package (logo)
))))) (/home/alexandre/.miktex/texmfs/install/tex/latex/beamer/beamerbasetranslator.sty (/home/alexandre/.miktex/texmfs/install/tex/latex/translator/translator.sty
Package: translator 2021-05-31 v1.12d Easy translation of strings in LaTeX
)) (/home/alexandre/.miktex/texmfs/install/tex/latex/beamer/beamerbasemisc.sty) (/home/alexandre/.miktex/texmfs/install/tex/latex/beamer/beamerbasetwoscreens.sty) (/home/alexandre/.miktex/texmfs/install/tex/latex/beamer/beamerbaseoverlay.sty
\beamer@argscount=\count316
\beamer@lastskipcover=\skip52
\beamer@trivlistdepth=\count317
) (/home/alexandre/.miktex/texmfs/install/tex/latex/beamer/beamerbasetitle.sty) (/home/alexandre/.miktex/texmfs/install/tex/latex/beamer/beamerbasesection.sty
\c@lecture=\count318
\c@part=\count319
\c@section=\count320
\c@subsection=\count321
\c@subsubsection=\count322
) (/home/alexandre/.miktex/texmfs/install/tex/latex/beamer/beamerbaseframe.sty
\beamer@framebox=\box67
\beamer@frametitlebox=\box68
\beamer@zoombox=\box69
\beamer@zoomcount=\count323
\beamer@zoomframecount=\count324
\beamer@frametextheight=\dimen272
\c@subsectionslide=\count325
\beamer@frametopskip=\skip53
\beamer@framebottomskip=\skip54
\beamer@frametopskipautobreak=\skip55
\beamer@framebottomskipautobreak=\skip56
\beamer@envbody=\toks30
\framewidth=\dimen273
\c@framenumber=\count326
) (/home/alexandre/.miktex/texmfs/install/tex/latex/beamer/beamerbaseverbatim.sty
\beamer@verbatimfileout=\write4
) (/home/alexandre/.miktex/texmfs/install/tex/latex/beamer/beamerbaseframesize.sty
\beamer@splitbox=\box70
\beamer@autobreakcount=\count327
\beamer@autobreaklastheight=\dimen274
\beamer@frametitletoks=\toks31
\beamer@framesubtitletoks=\toks32
) (/home/alexandre/.miktex/texmfs/install/tex/latex/beamer/beamerbaseframecomponents.sty
\beamer@footins=\box71
) (/home/alexandre/.miktex/texmfs/install/tex/latex/beamer/beamerbasecolor.sty) (/home/alexandre/.miktex/texmfs/install/tex/latex/beamer/beamerbasenotes.sty
\beamer@frameboxcopy=\box72
) (/home/alexandre/.miktex/texmfs/install/tex/latex/beamer/beamerbasetoc.sty) (/home/alexandre/.miktex/texmfs/install/tex/latex/beamer/beamerbasetemplates.sty
\beamer@sbttoks=\toks33
 (/home/alexandre/.miktex/texmfs/install/tex/latex/beamer/beamerbaseauxtemplates.sty (/home/alexandre/.miktex/texmfs/install/tex/latex/beamer/beamerbaseboxes.sty
\bmb@box=\box73
\bmb@colorbox=\box74
\bmb@boxwidth=\dimen275
\bmb@boxheight=\dimen276
\bmb@prevheight=\dimen277
\bmb@temp=\dimen278
\bmb@dima=\dimen279
\bmb@dimb=\dimen280
\bmb@prevheight=\dimen281
)
\beamer@blockheadheight=\dimen282
)) (/home/alexandre/.miktex/texmfs/install/tex/latex/beamer/beamerbaselocalstructure.sty (/usr/local/share/miktex-texmf/tex/latex/tools/enumerate.sty
Package: enumerate 2023/07/04 v3.00 enumerate extensions (DPC)
\@enLab=\toks34
)
\beamer@bibiconwidth=\skip57
\c@figure=\count328
\c@table=\count329
\abovecaptionskip=\skip58
\belowcaptionskip=\skip59
) (/home/alexandre/.miktex/texmfs/install/tex/latex/beamer/beamerbasenavigation.sty (/home/alexandre/.miktex/texmfs/install/tex/latex/beamer/beamerbasenavigationsymbols.tex)
\beamer@section@min@dim=\dimen283
) (/home/alexandre/.miktex/texmfs/install/tex/latex/beamer/beamerbasetheorems.sty (/usr/local/share/miktex-texmf/tex/latex/amsmath/amsmath.sty
Package: amsmath 2024/05/23 v2.17q AMS math features
\@mathmargin=\skip60

For additional information on amsmath, use the `?' option.
(/usr/local/share/miktex-texmf/tex/latex/amsmath/amstext.sty
Package: amstext 2021/08/26 v2.01 AMS text
 (/usr/local/share/miktex-texmf/tex/latex/amsmath/amsgen.sty
File: amsgen.sty 1999/11/30 v2.0 generic functions
\@emptytoks=\toks35
\ex@=\dimen284
)) (/usr/local/share/miktex-texmf/tex/latex/amsmath/amsbsy.sty
Package: amsbsy 1999/11/29 v1.2d Bold Symbols
\pmbraise@=\dimen285
) (/usr/local/share/miktex-texmf/tex/latex/amsmath/amsopn.sty
Package: amsopn 2022/04/08 v2.04 operator names
)
\inf@bad=\count330
LaTeX Info: Redefining \frac on input line 233.
\uproot@=\count331
\leftroot@=\count332
LaTeX Info: Redefining \overline on input line 398.
LaTeX Info: Redefining \colon on input line 409.
\classnum@=\count333
\DOTSCASE@=\count334
LaTeX Info: Redefining \ldots on input line 495.
LaTeX Info: Redefining \dots on input line 498.
LaTeX Info: Redefining \cdots on input line 619.
\Mathstrutbox@=\box75
\strutbox@=\box76
LaTeX Info: Redefining \big on input line 721.
LaTeX Info: Redefining \Big on input line 722.
LaTeX Info: Redefining \bigg on input line 723.
LaTeX Info: Redefining \Bigg on input line 724.
\big@size=\dimen286
LaTeX Font Info:    Redeclaring font encoding OML on input line 742.
LaTeX Font Info:    Redeclaring font encoding OMS on input line 743.
\macc@depth=\count335
LaTeX Info: Redefining \bmod on input line 904.
LaTeX Info: Redefining \pmod on input line 909.
LaTeX Info: Redefining \smash on input line 939.
LaTeX Info: Redefining \relbar on input line 969.
LaTeX Info: Redefining \Relbar on input line 970.
\c@MaxMatrixCols=\count336
\dotsspace@=\muskip18
\c@parentequation=\count337
\dspbrk@lvl=\count338
\tag@help=\toks36
\row@=\count339
\column@=\count340
\maxfields@=\count341
\andhelp@=\toks37
\eqnshift@=\dimen287
\alignsep@=\dimen288
\tagshift@=\dimen289
\tagwidth@=\dimen290
\totwidth@=\dimen291
\lineht@=\dimen292
\@envbody=\toks38
\multlinegap=\skip61
\multlinetaggap=\skip62
\mathdisplay@stack=\toks39
LaTeX Info: Redefining \[ on input line 2953.
LaTeX Info: Redefining \] on input line 2954.
) (/home/alexandre/.miktex/texmfs/install/tex/latex/amscls/amsthm.sty
Package: amsthm 2020/05/29 v2.20.6
\thm@style=\toks40
\thm@bodyfont=\toks41
\thm@headfont=\toks42
\thm@notefont=\toks43
\thm@headpunct=\toks44
\thm@preskip=\skip63
\thm@postskip=\skip64
\thm@headsep=\skip65
\dth@everypar=\toks45
)
\c@theorem=\count342
) (/home/alexandre/.miktex/texmfs/install/tex/latex/beamer/beamerbasethemes.sty)) (/home/alexandre/.miktex/texmfs/install/tex/latex/beamer/beamerthemedefault.sty (/home/alexandre/.miktex/texmfs/install/tex/latex/beamer/beamerfontthemedefault.sty) (/home/alexandre/.miktex/texmfs/install/tex/latex/beamer/beamercolorthemedefault.sty) (/home/alexandre/.miktex/texmfs/install/tex/latex/beamer/beamerinnerthemedefault.sty
\beamer@dima=\dimen293
\beamer@dimb=\dimen294
) (/home/alexandre/.miktex/texmfs/install/tex/latex/beamer/beamerouterthemedefault.sty))) (/home/alexandre/.miktex/texmfs/install/tex/latex/beamertheme-metropolis/beamerthememetropolis.sty
Package: beamerthememetropolis 2017/01/23 v1.2 Metropolis Beamer theme
 (/home/alexandre/.miktex/texmfs/install/tex/latex/pgfopts/pgfopts.sty
Package: pgfopts 2014/07/10 v2.1a LaTeX package options with pgfkeys
\pgfopts@list@add@a@toks=\toks46
\pgfopts@list@add@b@toks=\toks47
) (/home/alexandre/.miktex/texmfs/install/tex/latex/beamertheme-metropolis/beamerinnerthememetropolis.sty
Package: beamerinnerthememetropolis 2017/01/23 Metropolis inner theme
 (/usr/local/share/miktex-texmf/tex/latex/tools/calc.sty
Package: calc 2023/07/08 v4.3 Infix arithmetic (KKT,FJ)
\calc@Acount=\count343
\calc@Bcount=\count344
\calc@Adimen=\dimen295
\calc@Bdimen=\dimen296
\calc@Askip=\skip66
\calc@Bskip=\skip67
LaTeX Info: Redefining \setlength on input line 80.
LaTeX Info: Redefining \addtolength on input line 81.
\calc@Ccount=\count345
\calc@Cskip=\skip68
) (/usr/local/share/miktex-texmf/tex/latex/pgf/frontendlayer/tikz.sty (/usr/local/share/miktex-texmf/tex/latex/pgf/basiclayer/pgf.sty
Package: pgf 2023-01-15 v3.1.10 (3.1.10)
 (/usr/local/share/miktex-texmf/tex/generic/pgf/modules/pgfmoduleshapes.code.tex
File: pgfmoduleshapes.code.tex 2023-01-15 v3.1.10 (3.1.10)
\pgfnodeparttextbox=\box77
) (/usr/local/share/miktex-texmf/tex/generic/pgf/modules/pgfmoduleplot.code.tex
File: pgfmoduleplot.code.tex 2023-01-15 v3.1.10 (3.1.10)
) (/usr/local/share/miktex-texmf/tex/latex/pgf/compatibility/pgfcomp-version-0-65.sty
Package: pgfcomp-version-0-65 2023-01-15 v3.1.10 (3.1.10)
\pgf@nodesepstart=\dimen297
\pgf@nodesepend=\dimen298
) (/usr/local/share/miktex-texmf/tex/latex/pgf/compatibility/pgfcomp-version-1-18.sty
Package: pgfcomp-version-1-18 2023-01-15 v3.1.10 (3.1.10)
)) (/usr/local/share/miktex-texmf/tex/latex/pgf/utilities/pgffor.sty (/usr/local/share/miktex-texmf/tex/generic/pgf/utilities/pgffor.code.tex
Package: pgffor 2023-01-15 v3.1.10 (3.1.10)
\pgffor@iter=\dimen299
\pgffor@skip=\dimen300
\pgffor@stack=\toks48
\pgffor@toks=\toks49
)) (/usr/local/share/miktex-texmf/tex/generic/pgf/frontendlayer/tikz/tikz.code.tex
Package: tikz 2023-01-15 v3.1.10 (3.1.10)
 (/usr/local/share/miktex-texmf/tex/generic/pgf/libraries/pgflibraryplothandlers.code.tex
File: pgflibraryplothandlers.code.tex 2023-01-15 v3.1.10 (3.1.10)
\pgf@plot@mark@count=\count346
\pgfplotmarksize=\dimen301
)
\tikz@lastx=\dimen302
\tikz@lasty=\dimen303
\tikz@lastxsaved=\dimen304
\tikz@lastysaved=\dimen305
\tikz@lastmovetox=\dimen306
\tikz@lastmovetoy=\dimen307
\tikzleveldistance=\dimen308
\tikzsiblingdistance=\dimen309
\tikz@figbox=\box78
\tikz@figbox@bg=\box79
\tikz@tempbox=\box80
\tikz@tempbox@bg=\box81
\tikztreelevel=\count347
\tikznumberofchildren=\count348
\tikznumberofcurrentchild=\count349
\tikz@fig@count=\count350
 (/usr/local/share/miktex-texmf/tex/generic/pgf/modules/pgfmodulematrix.code.tex
File: pgfmodulematrix.code.tex 2023-01-15 v3.1.10 (3.1.10)
\pgfmatrixcurrentrow=\count351
\pgfmatrixcurrentcolumn=\count352
\pgf@matrix@numberofcolumns=\count353
)
\tikz@expandcount=\count354
 (/usr/local/share/miktex-texmf/tex/generic/pgf/frontendlayer/tikz/libraries/tikzlibrarytopaths.code.tex
File: tikzlibrarytopaths.code.tex 2023-01-15 v3.1.10 (3.1.10)
)))
\metropolis@titleseparator@linewidth=\skip69
\metropolis@progressonsectionpage=\skip70
\metropolis@progressonsectionpage@linewidth=\skip71
\metropolis@blocksep=\skip72
\metropolis@blockadjust=\skip73
\metropolis@parskip=\skip74
) (/home/alexandre/.miktex/texmfs/install/tex/latex/beamertheme-metropolis/beamerouterthememetropolis.sty
Package: beamerouterthememetropolis 2017/01/23 Metropolis outer theme
\metropolis@frametitle@padding=\skip75
\metropolis@progressinheadfoot=\skip76
\metropolis@progressinheadfoot@linewidth=\skip77
) (/home/alexandre/.miktex/texmfs/install/tex/latex/beamertheme-metropolis/beamercolorthememetropolis.sty
Package: beamercolorthememetropolis 2017/01/23 Metropolis color theme
) (/home/alexandre/.miktex/texmfs/install/tex/latex/beamertheme-metropolis/beamerfontthememetropolis.sty
Package: beamerfontthememetropolis 2017/01/23 Metropolis font theme
 (/usr/local/share/miktex-texmf/tex/generic/iftex/ifxetex.sty
Package: ifxetex 2019/10/25 v0.7 ifxetex legacy package. Use iftex instead.
) (/usr/local/share/miktex-texmf/tex/generic/iftex/ifluatex.sty
Package: ifluatex 2019/10/25 v1.5 ifluatex legacy package. Use iftex instead.
)

Package beamerthememetropolis Warning: You need to compile with XeLaTeX or LuaLaTeX to use the Fira fonts on input line 95.

)) (/home/alexandre/.miktex/texmfs/install/tex/latex/mathtools/mathtools.sty
Package: mathtools 2024/03/11 v1.30 mathematical typesetting tools
 (/home/alexandre/.miktex/texmfs/install/tex/latex/mathtools/mhsetup.sty
Package: mhsetup 2021/03/18 v1.4 programming setup (MH)
)
\g_MT_multlinerow_int=\count355
\l_MT_multwidth_dim=\dimen310
\origjot=\skip78
\l_MT_shortvdotswithinadjustabove_dim=\dimen311
\l_MT_shortvdotswithinadjustbelow_dim=\dimen312
\l_MT_above_intertext_sep=\dimen313
\l_MT_below_intertext_sep=\dimen314
\l_MT_above_shortintertext_sep=\dimen315
\l_MT_below_shortintertext_sep=\dimen316
\xmathstrut@box=\box82
\xmathstrut@dim=\dimen317
) (/home/alexandre/.miktex/texmfs/install/tex/latex/stmaryrd/stmaryrd.sty
Package: stmaryrd 1994/03/03 St Mary's Road symbol package
\symstmry=\mathgroup6
LaTeX Font Info:    Overwriting symbol font `stmry' in version `bold'
(Font)                  U/stmry/m/n --> U/stmry/b/n on input line 89.
) (/home/alexandre/.miktex/texmfs/install/tex/latex/caption/subcaption.sty
Package: subcaption 2023/07/28 v1.6b Sub-captions (AR)
 (/home/alexandre/.miktex/texmfs/install/tex/latex/caption/caption.sty
Package: caption 2023/08/05 v3.6o Customizing captions (AR)
 (/home/alexandre/.miktex/texmfs/install/tex/latex/caption/caption3.sty
Package: caption3 2023/07/31 v2.4d caption3 kernel (AR)
\caption@tempdima=\dimen318
\captionmargin=\dimen319
\caption@leftmargin=\dimen320
\caption@rightmargin=\dimen321
\caption@width=\dimen322
\caption@indent=\dimen323
\caption@parindent=\dimen324
\caption@hangindent=\dimen325
Package caption Info: beamer document class detected.
 (/home/alexandre/.miktex/texmfs/install/tex/latex/caption/caption-beamer.sto
File: caption-beamer.sto 2022/01/06 v2.0c Adaption of the caption package to the beamer document classes (AR)
))
\c@caption@flags=\count356
\c@continuedfloat=\count357
Package caption Info: hyperref package is loaded.
Package caption Info: Hyperref support is turned off
(caption)             because hyperref has stopped early.
)
Package caption Info: New subtype `subfigure' on input line 238.
\c@subfigure=\count358
Package caption Info: New subtype `subtable' on input line 238.
\c@subtable=\count359
) (/home/alexandre/.miktex/texmfs/install/tex/latex/float/float.sty
Package: float 2001/11/08 v1.3d Float enhancements (AL)
\c@float@type=\count360
\float@exts=\toks50
\float@box=\box83
\@float@everytoks=\toks51
\@floatcapt=\box84
) (/usr/local/share/miktex-texmf/tex/latex/pgfplots/pgfplots.sty (/usr/local/share/miktex-texmf/tex/generic/pgfplots/pgfplots.revision.tex)
Package: pgfplots 2021/05/15 v1.18.1 Data Visualization (1.18.1)
 (/usr/local/share/miktex-texmf/tex/generic/pgfplots/pgfplots.code.tex (/usr/local/share/miktex-texmf/tex/generic/pgfplots/pgfplotscore.code.tex
\t@pgfplots@toka=\toks52
\t@pgfplots@tokb=\toks53
\t@pgfplots@tokc=\toks54
\pgfplots@tmpa=\dimen326
\c@pgfplots@coordindex=\count361
\c@pgfplots@scanlineindex=\count362
 (/usr/local/share/miktex-texmf/tex/generic/pgfplots/sys/pgfplotssysgeneric.code.tex)) (/usr/local/share/miktex-texmf/tex/generic/pgfplots/libs/pgfplotslibrary.code.tex) (/usr/local/share/miktex-texmf/tex/generic/pgfplots/oldpgfcompatib/pgfplotsoldpgfsupp_loader.code.tex (/usr/local/share/miktex-texmf/tex/generic/pgf/libraries/pgflibraryfpu.code.tex)
Package pgfplots: loading complementary utilities for your pgf version...
\t@pgf@toka=\toks55
\t@pgf@tokb=\toks56
\t@pgf@tokc=\toks57
(/usr/local/share/miktex-texmf/tex/generic/pgfplots/oldpgfcompatib/pgfplotsoldpgfsupp_pgfutil-common-lists.tex)) (/usr/local/share/miktex-texmf/tex/generic/pgfplots/util/pgfplotsutil.code.tex (/usr/local/share/miktex-texmf/tex/generic/pgfplots/liststructure/pgfplotsliststructure.code.tex) (/usr/local/share/miktex-texmf/tex/generic/pgfplots/liststructure/pgfplotsliststructureext.code.tex) (/usr/local/share/miktex-texmf/tex/generic/pgfplots/liststructure/pgfplotsarray.code.tex
\c@pgfplotsarray@tmp=\count363
) (/usr/local/share/miktex-texmf/tex/generic/pgfplots/liststructure/pgfplotsmatrix.code.tex) (/usr/local/share/miktex-texmf/tex/generic/pgfplots/numtable/pgfplotstableshared.code.tex
\c@pgfplotstable@counta=\count364
\t@pgfplotstable@a=\toks58
) (/usr/local/share/miktex-texmf/tex/generic/pgfplots/liststructure/pgfplotsdeque.code.tex) (/usr/local/share/miktex-texmf/tex/generic/pgfplots/util/pgfplotsbinary.code.tex (/usr/local/share/miktex-texmf/tex/generic/pgfplots/util/pgfplotsbinary.data.code.tex)) (/usr/local/share/miktex-texmf/tex/generic/pgfplots/util/pgfplotsutil.verb.code.tex) (/usr/local/share/miktex-texmf/tex/generic/pgfplots/libs/pgflibrarypgfplots.surfshading.code.tex
\c@pgfplotslibrarysurf@no=\count365
 (/usr/local/share/miktex-texmf/tex/generic/pgfplots/sys/pgflibrarypgfplots.surfshading.pgfsys-pdftex.def))) (/usr/local/share/miktex-texmf/tex/generic/pgfplots/util/pgfplotscolormap.code.tex (/usr/local/share/miktex-texmf/tex/generic/pgfplots/util/pgfplotscolor.code.tex)) (/usr/local/share/miktex-texmf/tex/generic/pgfplots/pgfplotsstackedplots.code.tex) (/usr/local/share/miktex-texmf/tex/generic/pgfplots/pgfplotsplothandlers.code.tex (/usr/local/share/miktex-texmf/tex/generic/pgfplots/pgfplotsmeshplothandler.code.tex (/usr/local/share/miktex-texmf/tex/generic/pgfplots/pgfplotsmeshplotimage.code.tex))) (/usr/local/share/miktex-texmf/tex/generic/pgfplots/pgfplots.scaling.code.tex) (/usr/local/share/miktex-texmf/tex/generic/pgfplots/pgfplotscoordprocessing.code.tex) (/usr/local/share/miktex-texmf/tex/generic/pgfplots/pgfplots.errorbars.code.tex) (/usr/local/share/miktex-texmf/tex/generic/pgfplots/pgfplots.markers.code.tex) (/usr/local/share/miktex-texmf/tex/generic/pgfplots/pgfplotsticks.code.tex) (/usr/local/share/miktex-texmf/tex/generic/pgfplots/pgfplots.paths.code.tex) (/usr/local/share/miktex-texmf/tex/generic/pgf/frontendlayer/tikz/libraries/tikzlibrarydecorations.code.tex (/usr/local/share/miktex-texmf/tex/generic/pgf/modules/pgfmoduledecorations.code.tex
\pgfdecoratedcompleteddistance=\dimen327
\pgfdecoratedremainingdistance=\dimen328
\pgfdecoratedinputsegmentcompleteddistance=\dimen329
\pgfdecoratedinputsegmentremainingdistance=\dimen330
\pgf@decorate@distancetomove=\dimen331
\pgf@decorate@repeatstate=\count366
\pgfdecorationsegmentamplitude=\dimen332
\pgfdecorationsegmentlength=\dimen333
)
\tikz@lib@dec@box=\box85
) (/usr/local/share/miktex-texmf/tex/generic/pgf/frontendlayer/tikz/libraries/tikzlibrarydecorations.pathmorphing.code.tex (/usr/local/share/miktex-texmf/tex/generic/pgf/libraries/decorations/pgflibrarydecorations.pathmorphing.code.tex)) (/usr/local/share/miktex-texmf/tex/generic/pgf/frontendlayer/tikz/libraries/tikzlibrarydecorations.pathreplacing.code.tex (/usr/local/share/miktex-texmf/tex/generic/pgf/libraries/decorations/pgflibrarydecorations.pathreplacing.code.tex)) (/usr/local/share/miktex-texmf/tex/generic/pgfplots/libs/tikzlibrarypgfplots.contourlua.code.tex)
\pgfplots@numplots=\count367
\pgfplots@xmin@reg=\dimen334
\pgfplots@xmax@reg=\dimen335
\pgfplots@ymin@reg=\dimen336
\pgfplots@ymax@reg=\dimen337
\pgfplots@zmin@reg=\dimen338
\pgfplots@zmax@reg=\dimen339
) (/usr/local/share/miktex-texmf/tex/generic/pgf/frontendlayer/tikz/libraries/tikzlibraryplotmarks.code.tex
File: tikzlibraryplotmarks.code.tex 2023-01-15 v3.1.10 (3.1.10)
 (/usr/local/share/miktex-texmf/tex/generic/pgf/libraries/pgflibraryplotmarks.code.tex
File: pgflibraryplotmarks.code.tex 2023-01-15 v3.1.10 (3.1.10)
))) (/home/alexandre/.miktex/texmfs/install/tex/latex/bbold/bbold.sty
Package: bbold 1994/04/06 Bbold symbol package
LaTeX Font Info:    Redeclaring math alphabet \mathbb on input line 42.
)
\sympureletters=\mathgroup7
LaTeX Font Info:    Overwriting symbol font `pureletters' in version `bold'
(Font)                  OT1/mathkerncmss/m/sl --> OT1/mathkerncmss/bx/sl on input line 12.
 (/usr/local/share/miktex-texmf/tex/latex/tools/bm.sty
Package: bm 2023/12/19 v1.2f Bold Symbol Support (DPC/FMi)
\symboldoperators=\mathgroup8
\symboldletters=\mathgroup9
\symboldsymbols=\mathgroup10
Package bm Info: No bold for \OMX/cmex/m/n, using \pmb.
Package bm Info: No bold for \U/msa/m/n, using \pmb.
Package bm Info: No bold for \U/msb/m/n, using \pmb.
\symboldstmry=\mathgroup11
LaTeX Font Info:    Redeclaring math alphabet \mathbf on input line 149.
) (/home/alexandre/.miktex/texmfs/install/tex/latex/bbm/bbm.sty
Package: bbm 1999/03/15 V 1.2 provides fonts for set symbols - TH
LaTeX Font Info:    Overwriting math alphabet `\mathbbm' in version `bold'
(Font)                  U/bbm/m/n --> U/bbm/bx/n on input line 33.
LaTeX Font Info:    Overwriting math alphabet `\mathbbmss' in version `bold'
(Font)                  U/bbmss/m/n --> U/bbmss/bx/n on input line 35.
) (/usr/local/share/miktex-texmf/tex/latex/tools/array.sty
Package: array 2024/06/14 v2.6d Tabular extension package (FMi)
\col@sep=\dimen340
\ar@mcellbox=\box86
\extrarowheight=\dimen341
\NC@list=\toks59
\extratabsurround=\skip79
\backup@length=\skip80
\ar@cellbox=\box87
) (/home/alexandre/.miktex/texmfs/install/tex/latex/adjustbox/adjustbox.sty
Package: adjustbox 2022/10/17 v1.3a Adjusting TeX boxes (trim, clip, ...)
 (/usr/local/share/miktex-texmf/tex/latex/xkeyval/xkeyval.sty
Package: xkeyval 2022/06/16 v2.9 package option processing (HA)
 (/usr/local/share/miktex-texmf/tex/generic/xkeyval/xkeyval.tex (/usr/local/share/miktex-texmf/tex/generic/xkeyval/xkvutils.tex
\XKV@toks=\toks60
\XKV@tempa@toks=\toks61
)
\XKV@depth=\count368
File: xkeyval.tex 2014/12/03 v2.7a key=value parser (HA)
)) (/home/alexandre/.miktex/texmfs/install/tex/latex/adjustbox/adjcalc.sty
Package: adjcalc 2012/05/16 v1.1 Provides advanced setlength with multiple back-ends (calc, etex, pgfmath)
) (/home/alexandre/.miktex/texmfs/install/tex/latex/adjustbox/trimclip.sty
Package: trimclip 2020/08/19 v1.2 Trim and clip general TeX material
 (/home/alexandre/.miktex/texmfs/install/tex/latex/collectbox/collectbox.sty
Package: collectbox 2022/10/17 v0.4c Collect macro arguments as boxes
\collectedbox=\box88
)
\tc@llx=\dimen342
\tc@lly=\dimen343
\tc@urx=\dimen344
\tc@ury=\dimen345
Package trimclip Info: Using driver 'tc-pdftex.def'.
 (/home/alexandre/.miktex/texmfs/install/tex/latex/adjustbox/tc-pdftex.def
File: tc-pdftex.def 2019/01/04 v2.2 Clipping driver for pdftex
))
\adjbox@Width=\dimen346
\adjbox@Height=\dimen347
\adjbox@Depth=\dimen348
\adjbox@Totalheight=\dimen349
\adjbox@pwidth=\dimen350
\adjbox@pheight=\dimen351
\adjbox@pdepth=\dimen352
\adjbox@ptotalheight=\dimen353
 (/home/alexandre/.miktex/texmfs/install/tex/latex/ifoddpage/ifoddpage.sty
Package: ifoddpage 2022/10/18 v1.2 Conditionals for odd/even page detection
\c@checkoddpage=\count369
) (/home/alexandre/.miktex/texmfs/install/tex/latex/varwidth/varwidth.sty
Package: varwidth 2009/03/30 ver 0.92;  Variable-width minipages
\@vwid@box=\box89
\sift@deathcycles=\count370
\@vwid@loff=\dimen354
\@vwid@roff=\dimen355
)) (/home/alexandre/.miktex/texmfs/install/tex/latex/beamertheme-metropolis/pgfplotsthemetol.sty
Package: pgfplotsthemetol 2017/01/23 PGFplots colors based on Paul Tol's SRON technical note
) (/usr/local/share/miktex-texmf/tex/latex/l3backend/l3backend-pdftex.def
File: l3backend-pdftex.def 2024-05-08 L3 backend support: PDF output (pdfTeX)
\l__color_backend_stack_int=\count371
\l__pdf_internal_box=\box90
) (soutenance.aux

LaTeX Warning: Label `fig:3000simple' multiply defined.


LaTeX Warning: Label `sub@fig:3000simple' multiply defined.


LaTeX Warning: Label `fig:easy_multiblock' multiply defined.


LaTeX Warning: Label `sub@fig:easy_multiblock' multiply defined.

)
\openout1 = `soutenance.aux'.

LaTeX Font Info:    Checking defaults for OML/cmm/m/it on input line 34.
LaTeX Font Info:    ... okay on input line 34.
LaTeX Font Info:    Checking defaults for OMS/cmsy/m/n on input line 34.
LaTeX Font Info:    ... okay on input line 34.
LaTeX Font Info:    Checking defaults for OT1/cmr/m/n on input line 34.
LaTeX Font Info:    ... okay on input line 34.
LaTeX Font Info:    Checking defaults for T1/cmr/m/n on input line 34.
LaTeX Font Info:    ... okay on input line 34.
LaTeX Font Info:    Checking defaults for TS1/cmr/m/n on input line 34.
LaTeX Font Info:    ... okay on input line 34.
LaTeX Font Info:    Checking defaults for OMX/cmex/m/n on input line 34.
LaTeX Font Info:    ... okay on input line 34.
LaTeX Font Info:    Checking defaults for U/cmr/m/n on input line 34.
LaTeX Font Info:    ... okay on input line 34.
LaTeX Font Info:    Checking defaults for PD1/pdf/m/n on input line 34.
LaTeX Font Info:    ... okay on input line 34.
LaTeX Font Info:    Checking defaults for PU/pdf/m/n on input line 34.
LaTeX Font Info:    ... okay on input line 34.

*geometry* driver: auto-detecting
*geometry* detected driver: pdftex
*geometry* verbose mode - [ preamble ] result:
* driver: pdftex
* paper: custom
* layout: <same size as paper>
* layoutoffset:(h,v)=(0.0pt,0.0pt)
* modes: includehead includefoot 
* h-part:(L,W,R)=(28.45274pt, 307.28987pt, 28.45274pt)
* v-part:(T,H,B)=(0.0pt, 273.14662pt, 0.0pt)
* \paperwidth=364.19536pt
* \paperheight=273.14662pt
* \textwidth=307.28987pt
* \textheight=244.6939pt
* \oddsidemargin=-43.81725pt
* \evensidemargin=-43.81725pt
* \topmargin=-72.26999pt
* \headheight=14.22636pt
* \headsep=0.0pt
* \topskip=11.0pt
* \footskip=14.22636pt
* \marginparwidth=4.0pt
* \marginparsep=10.0pt
* \columnsep=10.0pt
* \skip\footins=10.0pt plus 4.0pt minus 2.0pt
* \hoffset=0.0pt
* \voffset=0.0pt
* \mag=1000
* \@twocolumnfalse
* \@twosidefalse
* \@mparswitchfalse
* \@reversemarginfalse
* (1in=72.27pt=25.4mm, 1cm=28.453pt)

(/usr/local/share/miktex-texmf/tex/context/base/mkii/supp-pdf.mkii
[Loading MPS to PDF converter (version 2006.09.02).]
\scratchcounter=\count372
\scratchdimen=\dimen356
\scratchbox=\box91
\nofMPsegments=\count373
\nofMParguments=\count374
\everyMPshowfont=\toks62
\MPscratchCnt=\count375
\MPscratchDim=\dimen357
\MPnumerator=\count376
\makeMPintoPDFobject=\count377
\everyMPtoPDFconversion=\toks63
) (/usr/local/share/miktex-texmf/tex/latex/epstopdf-pkg/epstopdf-base.sty
Package: epstopdf-base 2020-01-24 v2.11 Base part for package epstopdf
Package epstopdf-base Info: Redefining graphics rule for `.eps' on input line 485.
 (/usr/local/share/miktex-texmf/tex/latex/00miktex/epstopdf-sys.cfg
File: epstopdf-sys.cfg 2021/03/18 v2.0 Configuration of epstopdf for MiKTeX
))
Package hyperref Info: Link coloring OFF on input line 34.
 (soutenance.out) (soutenance.out)
\@outlinefile=\write5
\openout5 = `soutenance.out'.

LaTeX Font Info:    Overwriting symbol font `operators' in version `normal'
(Font)                  OT1/cmr/m/n --> OT1/cmss/m/n on input line 34.
LaTeX Font Info:    Overwriting symbol font `operators' in version `bold'
(Font)                  OT1/cmr/bx/n --> OT1/cmss/b/n on input line 34.
\symnumbers=\mathgroup12
LaTeX Font Info:    Redeclaring symbol font `pureletters' on input line 34.
LaTeX Font Info:    Overwriting symbol font `pureletters' in version `normal'
(Font)                  OT1/mathkerncmss/m/sl --> OT1/cmss/m/it on input line 34.
LaTeX Font Info:    Overwriting symbol font `pureletters' in version `bold'
(Font)                  OT1/mathkerncmss/bx/sl --> OT1/cmss/m/it on input line 34.
LaTeX Font Info:    Overwriting math alphabet `\mathrm' in version `normal'
(Font)                  OT1/cmss/m/n --> OT1/cmr/m/n on input line 34.
LaTeX Font Info:    Redeclaring math alphabet \mathbf on input line 34.
LaTeX Font Info:    Redeclaring math alphabet \mathsf on input line 34.
LaTeX Font Info:    Overwriting math alphabet `\mathsf' in version `normal'
(Font)                  OT1/cmss/m/n --> OT1/cmss/m/n on input line 34.
LaTeX Font Info:    Overwriting math alphabet `\mathsf' in version `bold'
(Font)                  OT1/cmss/bx/n --> OT1/cmss/m/n on input line 34.
LaTeX Font Info:    Redeclaring math alphabet \mathit on input line 34.
LaTeX Font Info:    Overwriting math alphabet `\mathit' in version `normal'
(Font)                  OT1/cmr/m/it --> OT1/cmss/m/it on input line 34.
LaTeX Font Info:    Overwriting math alphabet `\mathit' in version `bold'
(Font)                  OT1/cmr/bx/it --> OT1/cmss/m/it on input line 34.
LaTeX Font Info:    Redeclaring math alphabet \mathtt on input line 34.
LaTeX Font Info:    Overwriting math alphabet `\mathtt' in version `normal'
(Font)                  OT1/cmtt/m/n --> OT1/cmtt/m/n on input line 34.
LaTeX Font Info:    Overwriting math alphabet `\mathtt' in version `bold'
(Font)                  OT1/cmtt/m/n --> OT1/cmtt/m/n on input line 34.
LaTeX Font Info:    Overwriting symbol font `numbers' in version `bold'
(Font)                  OT1/cmss/m/n --> OT1/cmss/b/n on input line 34.
LaTeX Font Info:    Overwriting symbol font `pureletters' in version `bold'
(Font)                  OT1/cmss/m/it --> OT1/cmss/b/it on input line 34.
LaTeX Font Info:    Overwriting math alphabet `\mathrm' in version `bold'
(Font)                  OT1/cmss/b/n --> OT1/cmr/b/n on input line 34.
LaTeX Font Info:    Overwriting math alphabet `\mathbf' in version `bold'
(Font)                  OT1/cmss/b/n --> OT1/cmss/b/n on input line 34.
LaTeX Font Info:    Overwriting math alphabet `\mathsf' in version `bold'
(Font)                  OT1/cmss/m/n --> OT1/cmss/b/n on input line 34.
LaTeX Font Info:    Overwriting math alphabet `\mathit' in version `bold'
(Font)                  OT1/cmss/m/it --> OT1/cmss/b/it on input line 34.
LaTeX Font Info:    Overwriting math alphabet `\mathtt' in version `bold'
(Font)                  OT1/cmtt/m/n --> OT1/cmtt/b/n on input line 34.
LaTeX Font Info:    Redeclaring symbol font `pureletters' on input line 34.
LaTeX Font Info:    Overwriting symbol font `pureletters' in version `normal'
(Font)                  OT1/cmss/m/it --> OT1/mathkerncmss/m/sl on input line 34.
LaTeX Font Info:    Overwriting symbol font `pureletters' in version `bold'
(Font)                  OT1/cmss/b/it --> OT1/mathkerncmss/m/sl on input line 34.
LaTeX Font Info:    Overwriting symbol font `pureletters' in version `bold'
(Font)                  OT1/mathkerncmss/m/sl --> OT1/mathkerncmss/bx/sl on input line 34.
 (/home/alexandre/.miktex/texmfs/install/tex/latex/translator/translator-basic-dictionary-English.dict
Dictionary: translator-basic-dictionary, Language: English 
) (/home/alexandre/.miktex/texmfs/install/tex/latex/translator/translator-bibliography-dictionary-English.dict
Dictionary: translator-bibliography-dictionary, Language: English 
) (/home/alexandre/.miktex/texmfs/install/tex/latex/translator/translator-environment-dictionary-English.dict
Dictionary: translator-environment-dictionary, Language: English 
) (/home/alexandre/.miktex/texmfs/install/tex/latex/translator/translator-months-dictionary-English.dict
Dictionary: translator-months-dictionary, Language: English 
) (/home/alexandre/.miktex/texmfs/install/tex/latex/translator/translator-numbers-dictionary-English.dict
Dictionary: translator-numbers-dictionary, Language: English 
) (/home/alexandre/.miktex/texmfs/install/tex/latex/translator/translator-theorem-dictionary-English.dict
Dictionary: translator-theorem-dictionary, Language: English 
)
Package caption Info: Begin \AtBeginDocument code.
Package caption Info: float package is loaded.
Package caption Info: End \AtBeginDocument code.

Package pgfplots notification 'compat/show suggested version=true': you might benefit from \pgfplotsset{compat=1.18} (current compat level: 1.9).

(soutenance.nav)
Overfull \vbox (44.55656pt too high) detected at line 38
 []



[1

{/home/alexandre/.miktex/texmfs/data/fonts/map/pdftex/pdftex.map}]
LaTeX Font Info:    Trying to load font information for U+msa on input line 51.
 (/usr/local/share/miktex-texmf/tex/latex/amsfonts/umsa.fd
File: umsa.fd 2013/01/14 v3.01 AMS symbols A
)
LaTeX Font Info:    Trying to load font information for U+msb on input line 51.
 (/usr/local/share/miktex-texmf/tex/latex/amsfonts/umsb.fd
File: umsb.fd 2013/01/14 v3.01 AMS symbols B
)
LaTeX Font Info:    Trying to load font information for U+stmry on input line 51.
 (/home/alexandre/.miktex/texmfs/install/tex/latex/stmaryrd/Ustmry.fd)
LaTeX Font Info:    Trying to load font information for OT1+mathkerncmss on input line 51.
 (/home/alexandre/.miktex/texmfs/install/tex/latex/sansmathaccent/ot1mathkerncmss.fd
File: ot1mathkerncmss.fd 2020/01/31 Fontinst v1.933 font definitions for OT1/mathkerncmss.
)

LaTeX Font Warning: Font shape `U/stmry/b/n' undefined
(Font)              using `U/stmry/m/n' instead on input line 51.

LaTeX Font Info:    Font shape `OT1/cmss/b/n' in size <10.95> not available
(Font)              Font shape `OT1/cmss/bx/n' tried instead on input line 51.
LaTeX Font Info:    Font shape `OT1/cmss/b/n' in size <8> not available
(Font)              Font shape `OT1/cmss/bx/n' tried instead on input line 51.
LaTeX Font Info:    Font shape `OT1/cmss/b/n' in size <6> not available
(Font)              Font shape `OT1/cmss/bx/n' tried instead on input line 51.
LaTeX Font Info:    Trying to load font information for TS1+cmss on input line 51.
(/usr/local/share/miktex-texmf/tex/latex/base/ts1cmss.fd
File: ts1cmss.fd 2023/04/13 v2.5m Standard LaTeX font definitions
)

[2

]

[3

]

[4

]
<images/HCC.png, id=75, 986.68625pt x 722.7pt>
File: images/HCC.png Graphic file (type png)
<use images/HCC.png>
Package pdftex.def Info: images/HCC.png  used on input line 88.
(pdftex.def)             Requested size: 212.1334pt x 155.37747pt.


[5

 <./images/HCC.png>]
<images/CCK.png, id=83, 987.69pt x 792.9625pt>
File: images/CCK.png Graphic file (type png)
<use images/CCK.png>
Package pdftex.def Info: images/CCK.png  used on input line 96.
(pdftex.def)             Requested size: 212.34921pt x 170.48361pt.


[6

 <./images/CCK.png>]
<images/correlation.png, id=90, 2107.875pt x 1547.7825pt>
File: images/correlation.png Graphic file (type png)
<use images/correlation.png>
Package pdftex.def Info: images/correlation.png  used on input line 108.
(pdftex.def)             Requested size: 210.79985pt x 154.78731pt.

Overfull \vbox (15.88533pt too high) detected at line 108
 []



[7

 <./images/correlation.png>]
<images/tensor.png, id=98, 1430.34375pt x 403.5075pt>
File: images/tensor.png Graphic file (type png)
<use images/tensor.png>
Package pdftex.def Info: images/tensor.png  used on input line 120.
(pdftex.def)             Requested size: 429.10645pt x 121.05318pt.

Overfull \hbox (121.81657pt too wide) in paragraph at lines 120--120
 [] 
 []



[8

 <./images/tensor.png>]
<images/blocks.png, id=105, 1264.725pt x 563.10374pt>
File: images/blocks.png Graphic file (type png)
<use images/blocks.png>
Package pdftex.def Info: images/blocks.png  used on input line 130.
(pdftex.def)             Requested size: 316.18048pt x 140.77559pt.

Overfull \hbox (8.89061pt too wide) in paragraph at lines 130--130
 [] 
 []


Overfull \vbox (17.22437pt too high) detected at line 130
 []



[9

 <./images/blocks.png>] (soutenance.toc)

[10

]

[11

]

[12

]
<images/deplier.png, id=146, 1384.17125pt x 463.7325pt>
File: images/deplier.png Graphic file (type png)
<use images/deplier.png>
Package pdftex.def Info: images/deplier.png  used on input line 170.
(pdftex.def)             Requested size: 207.61673pt x 69.55687pt.
LaTeX Font Info:    Font shape `OT1/cmss/b/n' in size <12> not available
(Font)              Font shape `OT1/cmss/bx/n' tried instead on input line 170.

Overfull \vbox (18.18675pt too high) detected at line 170
 []



[13

 <./images/deplier.png>]

[14

]
<images/beta_tens.png, id=164, 528.47438pt x 473.51906pt>
File: images/beta_tens.png Graphic file (type png)
<use images/beta_tens.png>
Package pdftex.def Info: images/beta_tens.png  used on input line 205.
(pdftex.def)             Requested size: 158.54353pt x 142.05681pt.
LaTeX Font Info:    Font shape `OT1/cmss/b/n' in size <10> not available
(Font)              Font shape `OT1/cmss/bx/n' tried instead on input line 205.
LaTeX Font Info:    Font shape `OT1/cmss/b/n' in size <7> not available
(Font)              Font shape `OT1/cmss/bx/n' tried instead on input line 205.
LaTeX Font Info:    Font shape `OT1/cmss/b/n' in size <5> not available
(Font)              Font shape `OT1/cmss/bx/n' tried instead on input line 205.

Overfull \vbox (8.55557pt too high) detected at line 205
 []



[15

 <./images/beta_tens.png>]
File: images/beta_tens.png Graphic file (type png)
<use images/beta_tens.png>
Package pdftex.def Info: images/beta_tens.png  used on input line 205.
(pdftex.def)             Requested size: 158.54353pt x 142.05681pt.

Overfull \vbox (8.55557pt too high) detected at line 205
 []



[16

]
<images/square.png, id=177, 346.29375pt x 356.33125pt>
File: images/square.png Graphic file (type png)
<use images/square.png>
Package pdftex.def Info: images/square.png  used on input line 231.
(pdftex.def)             Requested size: 92.1879pt x 94.85686pt.
<images/picto_500/heatmap_logistic_multibloc_simu_500_multiway.png, id=178, 602.25pt x 451.6875pt>
File: images/picto_500/heatmap_logistic_multibloc_simu_500_multiway.png Graphic file (type png)
<use images/picto_500/heatmap_logistic_multibloc_simu_500_multiway.png>
Package pdftex.def Info: images/picto_500/heatmap_logistic_multibloc_simu_500_multiway.png  used on input line 231.
(pdftex.def)             Requested size: 122.91406pt x 92.183pt.

Overfull \vbox (7.64998pt too high) detected at line 231
 []



[17

 <./images/square.png> <./images/picto_500/heatmap_logistic_multibloc_simu_500_multiway.png>]
<images/beta_tens_R.png, id=187, 734.745pt x 534.49687pt>
File: images/beta_tens_R.png Graphic file (type png)
<use images/beta_tens_R.png>
Package pdftex.def Info: images/beta_tens_R.png  used on input line 254.
(pdftex.def)             Requested size: 183.68579pt x 133.62389pt.

Overfull \hbox (30.04086pt too wide) in paragraph at lines 254--254
 [][] 
 []


Overfull \hbox (12.0686pt too wide) detected at line 254
[] \U/msa/m/n/10.95   [] []
 []



[18

 <./images/beta_tens_R.png>]
<images/blocks_faux.png, id=196, 1233.60875pt x 578.16pt>
File: images/blocks_faux.png Graphic file (type png)
<use images/blocks_faux.png>
Package pdftex.def Info: images/blocks_faux.png  used on input line 267.
(pdftex.def)             Requested size: 283.72404pt x 132.974pt.

Overfull \vbox (11.06526pt too high) detected at line 267
 []



[19

 <./images/blocks_faux.png>]
<images/beta_blocks.png, id=204, 726.46407pt x 489.32813pt>
File: images/beta_blocks.png Graphic file (type png)
<use images/beta_blocks.png>
Package pdftex.def Info: images/beta_blocks.png  used on input line 288.
(pdftex.def)             Requested size: 203.40855pt x 137.01093pt.

Overfull \vbox (3.83401pt too high) detected at line 288
 []



[20

 <./images/beta_blocks.png>]

[21

]

[22

]

[23

]
<images/2D_better.png, id=226, 1001.99344pt x 816.80156pt>
File: images/2D_better.png Graphic file (type png)
<use images/2D_better.png>
Package pdftex.def Info: images/2D_better.png  used on input line 322.
(pdftex.def)             Requested size: 200.39514pt x 163.3574pt.


[24

 <./images/2D_better.png>]

[25

]
Overfull \hbox (2.06686pt too wide) in paragraph at lines 363--363
 []|$\OT1/cmss/m/n/10.95 (\OML/cmm/m/it/10.95 ^^[[]; ^^[[]\OT1/cmss/m/n/10.95 )$| 
 []


Overfull \hbox (5.68852pt too wide) in paragraph at lines 363--363
 \OT1/cmss/m/n/10.95 (blocks)| 
 []


Overfull \hbox (2.22104pt too wide) in paragraph at lines 363--363
 \OT1/cmss/m/n/10.95 (mode)| 
 []

<images/3_picto.png, id=240, 517.935pt x 506.89375pt>
File: images/3_picto.png Graphic file (type png)
<use images/3_picto.png>
Package pdftex.def Info: images/3_picto.png  used on input line 363.
(pdftex.def)             Requested size: 62.1495pt x 60.82462pt.

Overfull \vbox (12.8969pt too high) detected at line 363
 []



[26

 <./images/3_picto.png>]
<images/heatmap_logistique_simple_simu_4000.png, id=249, 602.25pt x 451.6875pt>
File: images/heatmap_logistique_simple_simu_4000.png Graphic file (type png)
<use images/heatmap_logistique_simple_simu_4000.png>
Package pdftex.def Info: images/heatmap_logistique_simple_simu_4000.png  used on input line 395.
(pdftex.def)             Requested size: 92.1879pt x 69.13553pt.
LaTeX Font Info:    Font shape `OT1/cmss/b/n' in size <9> not available
(Font)              Font shape `OT1/cmss/bx/n' tried instead on input line 395.
<images/heatmap_logistic_multibloc_simu_4000_multiway.png, id=250, 602.25pt x 451.6875pt>
File: images/heatmap_logistic_multibloc_simu_4000_multiway.png Graphic file (type png)
<use images/heatmap_logistic_multibloc_simu_4000_multiway.png>
Package pdftex.def Info: images/heatmap_logistic_multibloc_simu_4000_multiway.png  used on input line 395.
(pdftex.def)             Requested size: 92.1879pt x 69.13553pt.
<images/heatmap_logistic_multibloc_simu_4000.png, id=251, 602.25pt x 451.6875pt>
File: images/heatmap_logistic_multibloc_simu_4000.png Graphic file (type png)
<use images/heatmap_logistic_multibloc_simu_4000.png>
Package pdftex.def Info: images/heatmap_logistic_multibloc_simu_4000.png  used on input line 395.
(pdftex.def)             Requested size: 92.1879pt x 69.13553pt.
<images/heatmap_logistique_simple_simu_medium_easy.png, id=252, 803.0pt x 602.25pt>
File: images/heatmap_logistique_simple_simu_medium_easy.png Graphic file (type png)
<use images/heatmap_logistique_simple_simu_medium_easy.png>
Package pdftex.def Info: images/heatmap_logistique_simple_simu_medium_easy.png  used on input line 395.
(pdftex.def)             Requested size: 92.1879pt x 69.13322pt.
<images/heatmap_logistic_multibloc_simu_4000_medium_easy_multiway.png, id=253, 803.0pt x 602.25pt>
File: images/heatmap_logistic_multibloc_simu_4000_medium_easy_multiway.png Graphic file (type png)
<use images/heatmap_logistic_multibloc_simu_4000_medium_easy_multiway.png>
Package pdftex.def Info: images/heatmap_logistic_multibloc_simu_4000_medium_easy_multiway.png  used on input line 395.
(pdftex.def)             Requested size: 92.1879pt x 69.13322pt.
<images/heatmap_logistic_multibloc_simu_4000_medium_easy.png, id=254, 803.0pt x 602.25pt>
File: images/heatmap_logistic_multibloc_simu_4000_medium_easy.png Graphic file (type png)
<use images/heatmap_logistic_multibloc_simu_4000_medium_easy.png>
Package pdftex.def Info: images/heatmap_logistic_multibloc_simu_4000_medium_easy.png  used on input line 395.
(pdftex.def)             Requested size: 92.1879pt x 69.13322pt.

Overfull \vbox (12.12254pt too high) detected at line 395
 []



[27


pdfTeX warning (ext4): destination with the same identifier (name{fig:3000simple}) has been already used, duplicate ignored
<argument> ...shipout:D \box_use:N \l_shipout_box 
                                                  \__shipout_drop_firstpage_...
l.395 \end{frame}
                 
pdfTeX warning (ext4): destination with the same identifier (name{sub@fig:3000simple}) has been already used, duplicate ignored
<argument> ...shipout:D \box_use:N \l_shipout_box 
                                                  \__shipout_drop_firstpage_...
l.395 \end{frame}
                 
pdfTeX warning (ext4): destination with the same identifier (name{fig:easy_multiblock}) has been already used, duplicate ignored
<argument> ...shipout:D \box_use:N \l_shipout_box 
                                                  \__shipout_drop_firstpage_...
l.395 \end{frame}
                 
pdfTeX warning (ext4): destination with the same identifier (name{sub@fig:easy_multiblock}) has been already used, duplicate ignored
<argument> ...shipout:D \box_use:N \l_shipout_box 
                                                  \__shipout_drop_firstpage_...
l.395 \end{frame}
                  <./images/heatmap_logistique_simple_simu_4000.png> <./images/heatmap_logistic_multibloc_simu_4000_multiway.png> <./images/heatmap_logistic_multibloc_simu_4000.png> <./images/heatmap_logistique_simple_simu_medium_easy.png (PNG copy)> <./images/heatmap_logistic_multibloc_simu_4000_medium_easy_multiway.png> <./images/heatmap_logistic_multibloc_simu_4000_medium_easy.png>]

[28

]
<images/features.png, id=282, 1954.30125pt x 611.28375pt>
File: images/features.png Graphic file (type png)
<use images/features.png>
Package pdftex.def Info: images/features.png  used on input line 410.
(pdftex.def)             Requested size: 293.13254pt x 91.6886pt.


[29

 <./images/features.png>]

[30

]
<images/slices_big.png, id=296, 1099.10625pt x 406.51875pt>
File: images/slices_big.png Graphic file (type png)
<use images/slices_big.png>
Package pdftex.def Info: images/slices_big.png  used on input line 438.
(pdftex.def)             Requested size: 137.38794pt x 50.81471pt.
<images/slices_small.png, id=297, 834.86906pt x 261.22594pt>
File: images/slices_small.png Graphic file (type png)
<use images/slices_small.png>
Package pdftex.def Info: images/slices_small.png  used on input line 438.
(pdftex.def)             Requested size: 150.26994pt x 47.01863pt.

Overfull \hbox (11.99045pt too wide) in paragraph at lines 438--438
 [][] 
 []



[31

 <./images/slices_big.png> <./images/slices_small.png>]
<images/bad_shape.png, id=306, 1322.9425pt x 744.7825pt>
File: images/bad_shape.png Graphic file (type png)
<use images/bad_shape.png>
Package pdftex.def Info: images/bad_shape.png  used on input line 448.
(pdftex.def)             Requested size: 264.58382pt x 148.95386pt.

Overfull \vbox (10.05188pt too high) detected at line 448
 []



[32

 <./images/bad_shape.png>]
Overfull \hbox (1.49103pt too wide) in paragraph at lines 495--495
 \OT1/cmss/m/n/10.95 (block)| 
 []


Overfull \hbox (4.33649pt too wide) in paragraph at lines 495--495
 \OT1/cmss/m/n/10.95 (block)| 
 []



[33

]

[34

]
<images/barplot_final.png, id=323, 505.89pt x 505.89pt>
File: images/barplot_final.png Graphic file (type png)
<use images/barplot_final.png>
Package pdftex.def Info: images/barplot_final.png  used on input line 517.
(pdftex.def)             Requested size: 192.24019pt x 192.24019pt.

Overfull \vbox (30.09412pt too high) detected at line 517
 []



[35

 <./images/barplot_final.png (PNG copy)>]

[36

]

[37

]

[38

]

[39

]

[40

] (soutenance.bbl)

[41

 </home/alexandre/.miktex/texmfs/install/tex/latex/beamer/beamericonarticle.pdf>]

[42


]
\tf@nav=\write6
\openout6 = `soutenance.nav'.

\tf@toc=\write7
\openout7 = `soutenance.toc'.

\tf@snm=\write8
\openout8 = `soutenance.snm'.

 (soutenance.aux)
 ***********
LaTeX2e <2024-06-01> patch level 2
L3 programming layer <2024-08-30>
 ***********


LaTeX Font Warning: Some font shapes were not available, defaults substituted.


LaTeX Warning: There were multiply-defined labels.

Package rerunfilecheck Info: File `soutenance.out' has not changed.
(rerunfilecheck)             Checksum: 4BC1257D913DEE0C5F12DBB355A29B26;1164.
 ) 
Here is how much of TeX's memory you used:
 39338 strings out of 473900
 925268 string characters out of 5733583
 1394748 words of memory out of 5000000
 61337 multiletter control sequences out of 15000+600000
 587847 words of font info for 135 fonts, out of 8000000 for 9000
 1141 hyphenation exceptions out of 8191
 128i,16n,123p,1977b,907s stack positions out of 10000i,1000n,20000p,200000b,200000s
 </home/alexandre/.miktex/texmfs/data/fonts/pk/ljfour/jknappen/ec/dpi657/ecso1000.pk> </home/alexandre/.miktex/texmfs/data/fonts/pk/ljfour/jknappen/ec/dpi600/tcss1095.pk></usr/local/share/miktex-texmf/fonts/type1/public/amsfonts/cm/cmbx10.pfb></usr/local/share/miktex-texmf/fonts/type1/public/amsfonts/cm/cmex10.pfb></usr/local/share/miktex-texmf/fonts/type1/public/amsfonts/cm/cmmi10.pfb></usr/local/share/miktex-texmf/fonts/type1/public/amsfonts/cm/cmmi8.pfb></usr/local/share/miktex-texmf/fonts/type1/public/amsfonts/cm/cmmi9.pfb></usr/local/share/miktex-texmf/fonts/type1/public/amsfonts/cm/cmmib10.pfb></usr/local/share/miktex-texmf/fonts/type1/public/amsfonts/cmextra/cmmib6.pfb></usr/local/share/miktex-texmf/fonts/type1/public/amsfonts/cmextra/cmmib8.pfb></usr/local/share/miktex-texmf/fonts/type1/public/amsfonts/cm/cmss10.pfb></usr/local/share/miktex-texmf/fonts/type1/public/amsfonts/cm/cmss12.pfb></usr/local/share/miktex-texmf/fonts/type1/public/amsfonts/cm/cmss8.pfb></usr/local/share/miktex-texmf/fonts/type1/public/amsfonts/cm/cmss9.pfb></usr/local/share/miktex-texmf/fonts/type1/public/amsfonts/cm/cmssbx10.pfb></usr/local/share/miktex-texmf/fonts/type1/public/amsfonts/cm/cmssi10.pfb></usr/local/share/miktex-texmf/fonts/type1/public/amsfonts/cm/cmssi8.pfb></usr/local/share/miktex-texmf/fonts/type1/public/amsfonts/cm/cmssi9.pfb></usr/local/share/miktex-texmf/fonts/type1/public/amsfonts/cm/cmsy10.pfb></usr/local/share/miktex-texmf/fonts/type1/public/amsfonts/cm/cmsy8.pfb></usr/local/share/miktex-texmf/fonts/type1/public/amsfonts/symbols/msam10.pfb></home/alexandre/.miktex/texmfs/install/fonts/type1/public/hoekwater/stmary8.pfb>
Output written on soutenance.pdf (42 pages, 2403286 bytes).
PDF statistics:
 493 PDF objects out of 1000 (max. 8388607)
 108 named destinations out of 1000 (max. 500000)
 240 words of extra memory for PDF output out of 10000 (max. 10000000)

